<?xml version="1.0" encoding="UTF-8"?>
<!-- Generated by org.testng.reporters.JUnitReportReporter -->
<testsuite skipped="0" hostname="DESKTOP-FQV9HVE" name="TestCode.forgotTest" tests="1" failures="0" timestamp="2022-06-19T22:09:15 IST" time="18.979" errors="0">
  <testcase name="fbtest" time="18.979" classname="TestCode.forgotTest"/>
  <system-out/>
</testsuite> <!-- TestCode.forgotTest -->
