<?xml version="1.0" encoding="UTF-8"?>
<!-- Generated by org.testng.reporters.JUnitReportReporter -->
<testsuite hostname="DESKTOP-FQV9HVE" failures="0" tests="1" name="TestCode.LoginTest" time="22.037" errors="0" timestamp="2022-06-19T22:19:16 IST" skipped="0">
  <testcase classname="TestCode.LoginTest" name="fbtest" time="22.037"/>
  <system-out/>
</testsuite> <!-- TestCode.LoginTest -->
