<?xml version="1.0" encoding="UTF-8"?>
<!-- Generated by org.testng.reporters.JUnitReportReporter -->
<testsuite hostname="DESKTOP-FQV9HVE" failures="0" tests="1" name="TestCode.forgotTest" time="21.392" errors="0" timestamp="2022-06-19T22:19:16 IST" skipped="0">
  <testcase classname="TestCode.forgotTest" name="fbtest" time="21.392"/>
  <system-out/>
</testsuite> <!-- TestCode.forgotTest -->
